SF:lib/src/invoice_bl_objects_api_client.dart
DA:10,1
DA:18,1
DA:19,1
DA:25,1
DA:26,1
DA:28,1
DA:30,3
DA:32,2
DA:33,3
DA:36,1
DA:37,1
DA:40,2
LF:12
LH:12
end_of_record
SF:lib/src/models/item.dart
DA:7,1
DA:32,1
DA:33,1
DA:35,0
LF:4
LH:3
end_of_record
SF:lib/src/models/item.g.dart
DA:11,2
DA:14,1
DA:15,1
DA:16,2
DA:17,2
DA:18,2
DA:20,3
DA:21,2
DA:22,3
DA:23,3
DA:24,2
DA:25,1
DA:26,2
DA:27,1
DA:28,2
DA:30,3
DA:36,0
DA:37,0
DA:38,0
DA:39,0
DA:40,0
DA:41,0
DA:42,0
DA:43,0
DA:44,0
DA:45,0
DA:46,0
DA:47,0
LF:28
LH:16
end_of_record
