SF:lib/item/repository.dart
DA:10,1
DA:11,1
DA:15,1
DA:16,3
DA:20,1
DA:21,3
DA:22,3
DA:26,1
DA:27,3
DA:30,1
DA:31,3
DA:35,1
DA:36,3
LF:13
LH:13
end_of_record
SF:lib/item/models/itemResponse.dart
DA:7,1
DA:9,1
DA:10,3
LF:3
LH:3
end_of_record
SF:lib/invoice/repository.dart
DA:10,1
DA:11,1
DA:15,1
DA:16,3
DA:20,1
DA:21,3
DA:22,3
DA:26,1
DA:27,3
DA:30,1
DA:31,3
DA:35,1
DA:36,3
LF:13
LH:13
end_of_record
SF:lib/invoice/models/invoiceResponse.dart
DA:7,1
DA:9,1
DA:10,3
LF:3
LH:3
end_of_record
SF:lib/client/repository.dart
DA:10,1
DA:11,1
DA:15,1
DA:16,3
DA:20,1
DA:21,3
DA:22,3
DA:26,1
DA:27,3
DA:30,1
DA:31,3
DA:35,1
DA:36,3
LF:13
LH:13
end_of_record
SF:lib/client/models/clientResponse.dart
DA:7,1
DA:9,1
DA:10,3
LF:3
LH:3
end_of_record
